2026-01-25 11:17:23,982 - ETL_Pipeline - INFO - ================================================================================
2026-01-25 11:17:23,982 - ETL_Pipeline - INFO - FASE 1: EXTRACCIÓN
2026-01-25 11:17:23,982 - ETL_Pipeline - INFO - ================================================================================
2026-01-25 11:17:23,983 - ETL_Pipeline - INFO - Iniciando extracción desde: https://en.wikipedia.org/wiki/List_of_countries_and_dependencies_by_population
2026-01-25 11:17:23,983 - ETL_Pipeline - INFO - Configurando Selenium WebDriver...
2026-01-25 11:17:23,983 - WDM - INFO - ====== WebDriver manager ======
2026-01-25 11:17:24,963 - WDM - INFO - Get LATEST chromedriver version for google-chrome
2026-01-25 11:17:25,186 - WDM - INFO - Get LATEST chromedriver version for google-chrome
2026-01-25 11:17:25,215 - WDM - INFO - Driver [C:\Users\Usuario\.wdm\drivers\chromedriver\win64\144.0.7559.96\chromedriver-win32/chromedriver.exe] found in cache
2026-01-25 11:17:26,315 - ETL_Pipeline - INFO - WebDriver configurado exitosamente
2026-01-25 11:17:30,261 - ETL_Pipeline - INFO - Esperando carga de tabla...
2026-01-25 11:17:30,281 - ETL_Pipeline - INFO - Tabla encontrada, extrayendo datos...
2026-01-25 11:17:30,325 - ETL_Pipeline - INFO - Headers encontrados: ['Location', 'Population', '% of\nworld', 'Date', 'Source (official or from\nthe United Nations)', 'Notes']
2026-01-25 11:17:30,631 - ETL_Pipeline - INFO - Extraídos 10 registros...
2026-01-25 11:17:30,928 - ETL_Pipeline - INFO - Extraídos 20 registros...
2026-01-25 11:17:31,233 - ETL_Pipeline - INFO - Extraídos 30 registros...
2026-01-25 11:17:31,520 - ETL_Pipeline - INFO - Extraídos 40 registros...
2026-01-25 11:17:31,839 - ETL_Pipeline - INFO - Extraídos 50 registros...
2026-01-25 11:17:31,840 - ETL_Pipeline - INFO - Extracción completada: 50 registros en 7.86s
2026-01-25 11:17:33,954 - ETL_Pipeline - INFO - WebDriver cerrado
2026-01-25 11:17:33,954 - ETL_Pipeline - INFO - 
================================================================================
2026-01-25 11:17:33,954 - ETL_Pipeline - INFO - FASE 2: TRANSFORMACIÓN
2026-01-25 11:17:33,955 - ETL_Pipeline - INFO - ================================================================================
2026-01-25 11:17:33,955 - ETL_Pipeline - INFO - Iniciando transformación de datos...
2026-01-25 11:17:33,956 - ETL_Pipeline - INFO - DataFrame creado con 50 registros
2026-01-25 11:17:33,957 - ETL_Pipeline - INFO - Limpiando datos...
2026-01-25 11:17:33,962 - ETL_Pipeline - INFO - Convirtiendo tipos de datos...
2026-01-25 11:17:33,964 - ETL_Pipeline - INFO - Validando datos...
2026-01-25 11:17:33,965 - ETL_Pipeline - INFO - Enriqueciendo datos...
2026-01-25 11:17:33,966 - ETL_Pipeline - INFO - Calculando métricas...
2026-01-25 11:17:33,969 - ETL_Pipeline - INFO - Transformación completada: 50 registros válidos en 0.01s
2026-01-25 11:17:33,969 - ETL_Pipeline - INFO - 
================================================================================
2026-01-25 11:17:33,969 - ETL_Pipeline - INFO - FASE 3: CARGA
2026-01-25 11:17:33,970 - ETL_Pipeline - INFO - ================================================================================
2026-01-25 11:17:33,970 - ETL_Pipeline - INFO - Cargando datos en formato csv...
2026-01-25 11:17:33,975 - ETL_Pipeline - INFO - Datos guardados exitosamente en: output\countries_population.csv
2026-01-25 11:17:33,975 - ETL_Pipeline - INFO - Cargando datos en formato excel...
2026-01-25 11:17:34,188 - ETL_Pipeline - INFO - Datos guardados exitosamente en: output\countries_population.xlsx
2026-01-25 11:17:34,189 - ETL_Pipeline - INFO - Cargando datos en formato json...
2026-01-25 11:17:34,190 - ETL_Pipeline - INFO - Datos guardados exitosamente en: output\countries_population.json
2026-01-25 11:17:34,190 - ETL_Pipeline - INFO - 
================================================================================
2026-01-25 11:17:34,190 - ETL_Pipeline - INFO - ✅ ETL COMPLETADO EXITOSAMENTE
2026-01-25 11:17:34,192 - ETL_Pipeline - INFO - ================================================================================
2026-01-25 11:17:34,193 - ETL_Pipeline - ERROR - Error en el pipeline ETL: 'charmap' codec can't encode character '\U0001f4ca' in position 0: character maps to <undefined>
2026-01-25 11:21:30,867 - ETL_Pipeline - INFO - ================================================================================
2026-01-25 11:21:30,867 - ETL_Pipeline - INFO - FASE 1: EXTRACCIÓN
2026-01-25 11:21:30,867 - ETL_Pipeline - INFO - ================================================================================
2026-01-25 11:21:30,870 - ETL_Pipeline - INFO - Iniciando extracción desde: https://en.wikipedia.org/wiki/List_of_countries_and_dependencies_by_population
2026-01-25 11:21:30,870 - ETL_Pipeline - INFO - Configurando Selenium WebDriver...
2026-01-25 11:21:30,870 - WDM - INFO - ====== WebDriver manager ======
2026-01-25 11:21:31,786 - WDM - INFO - Get LATEST chromedriver version for google-chrome
2026-01-25 11:21:31,818 - WDM - INFO - Get LATEST chromedriver version for google-chrome
2026-01-25 11:21:31,844 - WDM - INFO - Driver [C:\Users\Usuario\.wdm\drivers\chromedriver\win64\144.0.7559.96\chromedriver-win32/chromedriver.exe] found in cache
2026-01-25 11:21:33,200 - ETL_Pipeline - INFO - WebDriver configurado exitosamente
2026-01-25 11:21:37,022 - ETL_Pipeline - INFO - Esperando carga de tabla...
2026-01-25 11:21:37,039 - ETL_Pipeline - INFO - Tabla encontrada, extrayendo datos...
2026-01-25 11:21:37,087 - ETL_Pipeline - INFO - Headers encontrados: ['Location', 'Population', '% of\nworld', 'Date', 'Source (official or from\nthe United Nations)', 'Notes']
2026-01-25 11:21:37,396 - ETL_Pipeline - INFO - Extraídos 10 registros...
2026-01-25 11:21:37,720 - ETL_Pipeline - INFO - Extraídos 20 registros...
2026-01-25 11:21:38,008 - ETL_Pipeline - INFO - Extraídos 30 registros...
2026-01-25 11:21:38,306 - ETL_Pipeline - INFO - Extraídos 40 registros...
2026-01-25 11:21:38,639 - ETL_Pipeline - INFO - Extraídos 50 registros...
2026-01-25 11:21:38,639 - ETL_Pipeline - INFO - Extracción completada: 50 registros en 7.77s
2026-01-25 11:21:40,755 - ETL_Pipeline - INFO - WebDriver cerrado
2026-01-25 11:21:40,755 - ETL_Pipeline - INFO - 
================================================================================
2026-01-25 11:21:40,755 - ETL_Pipeline - INFO - FASE 2: TRANSFORMACIÓN
2026-01-25 11:21:40,755 - ETL_Pipeline - INFO - ================================================================================
2026-01-25 11:21:40,755 - ETL_Pipeline - INFO - Iniciando transformación de datos...
2026-01-25 11:21:40,760 - ETL_Pipeline - INFO - DataFrame creado con 50 registros
2026-01-25 11:21:40,760 - ETL_Pipeline - INFO - Limpiando datos...
2026-01-25 11:21:40,772 - ETL_Pipeline - INFO - Convirtiendo tipos de datos...
2026-01-25 11:21:40,773 - ETL_Pipeline - INFO - Validando datos...
2026-01-25 11:21:40,778 - ETL_Pipeline - INFO - Enriqueciendo datos...
2026-01-25 11:21:40,787 - ETL_Pipeline - INFO - Calculando métricas...
2026-01-25 11:21:40,794 - ETL_Pipeline - INFO - Transformación completada: 50 registros válidos en 0.04s
2026-01-25 11:21:40,794 - ETL_Pipeline - INFO - 
================================================================================
2026-01-25 11:21:40,794 - ETL_Pipeline - INFO - FASE 3: CARGA
2026-01-25 11:21:40,794 - ETL_Pipeline - INFO - ================================================================================
2026-01-25 11:21:40,795 - ETL_Pipeline - INFO - Cargando datos en formato csv...
2026-01-25 11:21:40,803 - ETL_Pipeline - INFO - Datos guardados exitosamente en: output\countries_population.csv
2026-01-25 11:21:40,803 - ETL_Pipeline - INFO - Cargando datos en formato excel...
2026-01-25 11:21:41,111 - ETL_Pipeline - INFO - Datos guardados exitosamente en: output\countries_population.xlsx
2026-01-25 11:21:41,111 - ETL_Pipeline - INFO - Cargando datos en formato json...
2026-01-25 11:21:41,111 - ETL_Pipeline - INFO - Datos guardados exitosamente en: output\countries_population.json
2026-01-25 11:21:41,111 - ETL_Pipeline - INFO - 
================================================================================
2026-01-25 11:21:41,111 - ETL_Pipeline - INFO - ETL COMPLETADO EXITOSAMENTE
2026-01-25 11:21:41,111 - ETL_Pipeline - INFO - ================================================================================
2026-01-25 11:21:41,111 - ETL_Pipeline - ERROR - Error en el pipeline ETL: 'charmap' codec can't encode character '\U0001f4ca' in position 0: character maps to <undefined>
2026-01-25 11:24:03,410 - ETL_Pipeline - INFO - ================================================================================
2026-01-25 11:24:03,410 - ETL_Pipeline - INFO - FASE 1: EXTRACCIÓN
2026-01-25 11:24:03,410 - ETL_Pipeline - INFO - ================================================================================
2026-01-25 11:24:03,410 - ETL_Pipeline - INFO - Iniciando extracción desde: https://en.wikipedia.org/wiki/List_of_countries_and_dependencies_by_population
2026-01-25 11:24:03,410 - ETL_Pipeline - INFO - Configurando Selenium WebDriver...
2026-01-25 11:24:03,410 - WDM - INFO - ====== WebDriver manager ======
2026-01-25 11:24:04,554 - WDM - INFO - Get LATEST chromedriver version for google-chrome
2026-01-25 11:24:04,577 - WDM - INFO - Get LATEST chromedriver version for google-chrome
2026-01-25 11:24:04,609 - WDM - INFO - Driver [C:\Users\Usuario\.wdm\drivers\chromedriver\win64\144.0.7559.96\chromedriver-win32/chromedriver.exe] found in cache
2026-01-25 11:24:05,779 - ETL_Pipeline - INFO - WebDriver configurado exitosamente
2026-01-25 11:24:09,512 - ETL_Pipeline - INFO - Esperando carga de tabla...
2026-01-25 11:24:09,526 - ETL_Pipeline - INFO - Tabla encontrada, extrayendo datos...
2026-01-25 11:24:09,570 - ETL_Pipeline - INFO - Headers encontrados: ['Location', 'Population', '% of\nworld', 'Date', 'Source (official or from\nthe United Nations)', 'Notes']
2026-01-25 11:24:10,025 - ETL_Pipeline - INFO - Extraídos 10 registros...
2026-01-25 11:24:10,352 - ETL_Pipeline - INFO - Extraídos 20 registros...
2026-01-25 11:24:10,685 - ETL_Pipeline - INFO - Extraídos 30 registros...
2026-01-25 11:24:11,085 - ETL_Pipeline - INFO - Extraídos 40 registros...
2026-01-25 11:24:11,432 - ETL_Pipeline - INFO - Extraídos 50 registros...
2026-01-25 11:24:11,432 - ETL_Pipeline - INFO - Extracción completada: 50 registros en 8.02s
2026-01-25 11:24:13,548 - ETL_Pipeline - INFO - WebDriver cerrado
2026-01-25 11:24:13,548 - ETL_Pipeline - INFO - 
================================================================================
2026-01-25 11:24:13,548 - ETL_Pipeline - INFO - FASE 2: TRANSFORMACIÓN
2026-01-25 11:24:13,548 - ETL_Pipeline - INFO - ================================================================================
2026-01-25 11:24:13,548 - ETL_Pipeline - INFO - Iniciando transformación de datos...
2026-01-25 11:24:13,550 - ETL_Pipeline - INFO - DataFrame creado con 50 registros
2026-01-25 11:24:13,550 - ETL_Pipeline - INFO - Limpiando datos...
2026-01-25 11:24:13,557 - ETL_Pipeline - INFO - Convirtiendo tipos de datos...
2026-01-25 11:24:13,558 - ETL_Pipeline - INFO - Validando datos...
2026-01-25 11:24:13,559 - ETL_Pipeline - INFO - Enriqueciendo datos...
2026-01-25 11:24:13,561 - ETL_Pipeline - INFO - Calculando métricas...
2026-01-25 11:24:13,564 - ETL_Pipeline - INFO - Transformación completada: 50 registros válidos en 0.02s
2026-01-25 11:24:13,564 - ETL_Pipeline - INFO - 
================================================================================
2026-01-25 11:24:13,564 - ETL_Pipeline - INFO - FASE 3: CARGA
2026-01-25 11:24:13,564 - ETL_Pipeline - INFO - ================================================================================
2026-01-25 11:24:13,564 - ETL_Pipeline - INFO - Cargando datos en formato csv...
2026-01-25 11:24:13,569 - ETL_Pipeline - INFO - Datos guardados exitosamente en: output\countries_population.csv
2026-01-25 11:24:13,570 - ETL_Pipeline - INFO - Cargando datos en formato excel...
2026-01-25 11:24:13,785 - ETL_Pipeline - INFO - Datos guardados exitosamente en: output\countries_population.xlsx
2026-01-25 11:24:13,785 - ETL_Pipeline - INFO - Cargando datos en formato json...
2026-01-25 11:24:13,785 - ETL_Pipeline - INFO - Datos guardados exitosamente en: output\countries_population.json
2026-01-25 11:24:13,785 - ETL_Pipeline - INFO - 
================================================================================
2026-01-25 11:24:13,785 - ETL_Pipeline - INFO - ETL COMPLETADO EXITOSAMENTE
2026-01-25 11:24:13,785 - ETL_Pipeline - INFO - ================================================================================
2026-01-25 11:24:13,785 - ETL_Pipeline - ERROR - Error en el pipeline ETL: 'charmap' codec can't encode characters in position 2-3: character maps to <undefined>
2026-01-25 11:26:30,172 - ETL_Pipeline - INFO - ================================================================================
2026-01-25 11:26:30,172 - ETL_Pipeline - INFO - FASE 1: EXTRACCIÓN
2026-01-25 11:26:30,172 - ETL_Pipeline - INFO - ================================================================================
2026-01-25 11:26:30,172 - ETL_Pipeline - INFO - Iniciando extracción desde: https://en.wikipedia.org/wiki/List_of_countries_and_dependencies_by_population
2026-01-25 11:26:30,172 - ETL_Pipeline - INFO - Configurando Selenium WebDriver...
2026-01-25 11:26:30,172 - WDM - INFO - ====== WebDriver manager ======
2026-01-25 11:26:31,014 - WDM - INFO - Get LATEST chromedriver version for google-chrome
2026-01-25 11:26:31,039 - WDM - INFO - Get LATEST chromedriver version for google-chrome
2026-01-25 11:26:31,058 - WDM - INFO - Driver [C:\Users\Usuario\.wdm\drivers\chromedriver\win64\144.0.7559.96\chromedriver-win32/chromedriver.exe] found in cache
2026-01-25 11:26:32,283 - ETL_Pipeline - INFO - WebDriver configurado exitosamente
2026-01-25 11:26:35,873 - ETL_Pipeline - INFO - Esperando carga de tabla...
2026-01-25 11:26:36,066 - ETL_Pipeline - INFO - Tabla encontrada, extrayendo datos...
2026-01-25 11:26:36,219 - ETL_Pipeline - INFO - Headers encontrados: ['Location', 'Population', '% of\nworld', 'Date', 'Source (official or from\nthe United Nations)', 'Notes']
2026-01-25 11:26:36,694 - ETL_Pipeline - INFO - Extraídos 10 registros...
2026-01-25 11:26:37,081 - ETL_Pipeline - INFO - Extraídos 20 registros...
2026-01-25 11:26:37,578 - ETL_Pipeline - INFO - Extraídos 30 registros...
2026-01-25 11:26:38,049 - ETL_Pipeline - INFO - Extraídos 40 registros...
2026-01-25 11:26:38,431 - ETL_Pipeline - INFO - Extraídos 50 registros...
2026-01-25 11:26:38,431 - ETL_Pipeline - INFO - Extracción completada: 50 registros en 8.26s
2026-01-25 11:26:40,571 - ETL_Pipeline - INFO - WebDriver cerrado
2026-01-25 11:26:40,571 - ETL_Pipeline - INFO - 
================================================================================
2026-01-25 11:26:40,571 - ETL_Pipeline - INFO - FASE 2: TRANSFORMACIÓN
2026-01-25 11:26:40,571 - ETL_Pipeline - INFO - ================================================================================
2026-01-25 11:26:40,571 - ETL_Pipeline - INFO - Iniciando transformación de datos...
2026-01-25 11:26:40,578 - ETL_Pipeline - INFO - DataFrame creado con 50 registros
2026-01-25 11:26:40,578 - ETL_Pipeline - INFO - Limpiando datos...
2026-01-25 11:26:40,591 - ETL_Pipeline - INFO - Convirtiendo tipos de datos...
2026-01-25 11:26:40,594 - ETL_Pipeline - INFO - Validando datos...
2026-01-25 11:26:40,600 - ETL_Pipeline - INFO - Enriqueciendo datos...
2026-01-25 11:26:40,614 - ETL_Pipeline - INFO - Calculando métricas...
2026-01-25 11:26:40,621 - ETL_Pipeline - INFO - Transformación completada: 50 registros válidos en 0.05s
2026-01-25 11:26:40,621 - ETL_Pipeline - INFO - 
================================================================================
2026-01-25 11:26:40,621 - ETL_Pipeline - INFO - FASE 3: CARGA
2026-01-25 11:26:40,621 - ETL_Pipeline - INFO - ================================================================================
2026-01-25 11:26:40,622 - ETL_Pipeline - INFO - Cargando datos en formato csv...
2026-01-25 11:26:40,631 - ETL_Pipeline - INFO - Datos guardados exitosamente en: output\countries_population.csv
2026-01-25 11:26:40,631 - ETL_Pipeline - INFO - Cargando datos en formato excel...
2026-01-25 11:26:40,930 - ETL_Pipeline - INFO - Datos guardados exitosamente en: output\countries_population.xlsx
2026-01-25 11:26:40,930 - ETL_Pipeline - INFO - Cargando datos en formato json...
2026-01-25 11:26:40,932 - ETL_Pipeline - INFO - Datos guardados exitosamente en: output\countries_population.json
2026-01-25 11:26:40,932 - ETL_Pipeline - INFO - 
================================================================================
2026-01-25 11:26:40,932 - ETL_Pipeline - INFO - ETL COMPLETADO EXITOSAMENTE
2026-01-25 11:26:40,932 - ETL_Pipeline - INFO - ================================================================================
2026-01-25 11:26:40,932 - ETL_Pipeline - ERROR - Error en el pipeline ETL: 'charmap' codec can't encode character '\U0001f30d' in position 0: character maps to <undefined>
2026-01-25 11:27:11,054 - ETL_Pipeline - INFO - ================================================================================
2026-01-25 11:27:11,054 - ETL_Pipeline - INFO - FASE 1: EXTRACCIÓN
2026-01-25 11:27:11,054 - ETL_Pipeline - INFO - ================================================================================
2026-01-25 11:27:11,054 - ETL_Pipeline - INFO - Iniciando extracción desde: https://en.wikipedia.org/wiki/List_of_countries_and_dependencies_by_population
2026-01-25 11:27:11,054 - ETL_Pipeline - INFO - Configurando Selenium WebDriver...
2026-01-25 11:27:11,054 - WDM - INFO - ====== WebDriver manager ======
2026-01-25 11:27:12,025 - WDM - INFO - Get LATEST chromedriver version for google-chrome
2026-01-25 11:27:12,067 - WDM - INFO - Get LATEST chromedriver version for google-chrome
2026-01-25 11:27:12,093 - WDM - INFO - Driver [C:\Users\Usuario\.wdm\drivers\chromedriver\win64\144.0.7559.96\chromedriver-win32/chromedriver.exe] found in cache
2026-01-25 11:27:13,171 - ETL_Pipeline - INFO - WebDriver configurado exitosamente
2026-01-25 11:27:16,907 - ETL_Pipeline - INFO - Esperando carga de tabla...
2026-01-25 11:27:16,918 - ETL_Pipeline - INFO - Tabla encontrada, extrayendo datos...
2026-01-25 11:27:16,965 - ETL_Pipeline - INFO - Headers encontrados: ['Location', 'Population', '% of\nworld', 'Date', 'Source (official or from\nthe United Nations)', 'Notes']
2026-01-25 11:27:17,281 - ETL_Pipeline - INFO - Extraídos 10 registros...
2026-01-25 11:27:17,574 - ETL_Pipeline - INFO - Extraídos 20 registros...
2026-01-25 11:27:17,872 - ETL_Pipeline - INFO - Extraídos 30 registros...
2026-01-25 11:27:18,143 - ETL_Pipeline - INFO - Extraídos 40 registros...
2026-01-25 11:27:18,469 - ETL_Pipeline - INFO - Extraídos 50 registros...
2026-01-25 11:27:18,469 - ETL_Pipeline - INFO - Extracción completada: 50 registros en 7.41s
2026-01-25 11:27:20,582 - ETL_Pipeline - INFO - WebDriver cerrado
2026-01-25 11:27:20,582 - ETL_Pipeline - INFO - 
================================================================================
2026-01-25 11:27:20,582 - ETL_Pipeline - INFO - FASE 2: TRANSFORMACIÓN
2026-01-25 11:27:20,582 - ETL_Pipeline - INFO - ================================================================================
2026-01-25 11:27:20,582 - ETL_Pipeline - INFO - Iniciando transformación de datos...
2026-01-25 11:27:20,582 - ETL_Pipeline - INFO - DataFrame creado con 50 registros
2026-01-25 11:27:20,582 - ETL_Pipeline - INFO - Limpiando datos...
2026-01-25 11:27:20,590 - ETL_Pipeline - INFO - Convirtiendo tipos de datos...
2026-01-25 11:27:20,591 - ETL_Pipeline - INFO - Validando datos...
2026-01-25 11:27:20,592 - ETL_Pipeline - INFO - Enriqueciendo datos...
2026-01-25 11:27:20,594 - ETL_Pipeline - INFO - Calculando métricas...
2026-01-25 11:27:20,597 - ETL_Pipeline - INFO - Transformación completada: 50 registros válidos en 0.01s
2026-01-25 11:27:20,597 - ETL_Pipeline - INFO - 
================================================================================
2026-01-25 11:27:20,597 - ETL_Pipeline - INFO - FASE 3: CARGA
2026-01-25 11:27:20,597 - ETL_Pipeline - INFO - ================================================================================
2026-01-25 11:27:20,598 - ETL_Pipeline - INFO - Cargando datos en formato csv...
2026-01-25 11:27:20,602 - ETL_Pipeline - INFO - Datos guardados exitosamente en: output\countries_population.csv
2026-01-25 11:27:20,602 - ETL_Pipeline - INFO - Cargando datos en formato excel...
2026-01-25 11:27:20,797 - ETL_Pipeline - INFO - Datos guardados exitosamente en: output\countries_population.xlsx
2026-01-25 11:27:20,797 - ETL_Pipeline - INFO - Cargando datos en formato json...
2026-01-25 11:27:20,797 - ETL_Pipeline - INFO - Datos guardados exitosamente en: output\countries_population.json
2026-01-25 11:27:20,797 - ETL_Pipeline - INFO - 
================================================================================
2026-01-25 11:27:20,797 - ETL_Pipeline - INFO - ETL COMPLETADO EXITOSAMENTE
2026-01-25 11:27:20,797 - ETL_Pipeline - INFO - ================================================================================
2026-01-25 12:08:56,086 - ETL_Pipeline - INFO - ================================================================================
2026-01-25 12:08:56,087 - ETL_Pipeline - INFO - FASE 1: EXTRACCIÓN
2026-01-25 12:08:56,087 - ETL_Pipeline - INFO - ================================================================================
2026-01-25 12:08:56,087 - ETL_Pipeline - INFO - Iniciando extracción desde: https://en.wikipedia.org/wiki/List_of_countries_and_dependencies_by_population
2026-01-25 12:08:56,087 - ETL_Pipeline - INFO - Configurando Selenium WebDriver...
2026-01-25 12:08:56,087 - WDM - INFO - ====== WebDriver manager ======
2026-01-25 12:08:58,531 - WDM - INFO - Get LATEST chromedriver version for google-chrome
2026-01-25 12:08:58,606 - WDM - INFO - Get LATEST chromedriver version for google-chrome
2026-01-25 12:08:58,634 - WDM - INFO - Driver [C:\Users\Usuario\.wdm\drivers\chromedriver\win64\144.0.7559.96\chromedriver-win32/chromedriver.exe] found in cache
2026-01-25 12:09:01,484 - ETL_Pipeline - INFO - WebDriver configurado exitosamente
2026-01-25 12:09:05,038 - ETL_Pipeline - INFO - Esperando carga de tabla...
2026-01-25 12:09:05,295 - ETL_Pipeline - INFO - Tabla encontrada, extrayendo datos...
2026-01-25 12:09:05,510 - ETL_Pipeline - INFO - Headers encontrados: ['Location', 'Population', '% of\nworld', 'Date', 'Source (official or from\nthe United Nations)', 'Notes']
2026-01-25 12:09:06,158 - ETL_Pipeline - INFO - Extraídos 10 registros...
2026-01-25 12:09:06,611 - ETL_Pipeline - INFO - Extraídos 20 registros...
2026-01-25 12:09:07,003 - ETL_Pipeline - INFO - Extraídos 30 registros...
2026-01-25 12:09:07,454 - ETL_Pipeline - INFO - Extraídos 40 registros...
2026-01-25 12:09:07,826 - ETL_Pipeline - INFO - Extraídos 50 registros...
2026-01-25 12:09:07,826 - ETL_Pipeline - INFO - Extracción completada: 50 registros en 11.74s
2026-01-25 12:09:09,946 - ETL_Pipeline - INFO - WebDriver cerrado
2026-01-25 12:09:09,946 - ETL_Pipeline - INFO - 
================================================================================
2026-01-25 12:09:09,946 - ETL_Pipeline - INFO - FASE 2: TRANSFORMACIÓN
2026-01-25 12:09:09,946 - ETL_Pipeline - INFO - ================================================================================
2026-01-25 12:09:09,946 - ETL_Pipeline - INFO - Iniciando transformación de datos...
2026-01-25 12:09:09,946 - ETL_Pipeline - INFO - DataFrame creado con 50 registros
2026-01-25 12:09:09,946 - ETL_Pipeline - INFO - Limpiando datos...
2026-01-25 12:09:09,975 - ETL_Pipeline - INFO - Convirtiendo tipos de datos...
2026-01-25 12:09:09,977 - ETL_Pipeline - INFO - Validando datos...
2026-01-25 12:09:09,981 - ETL_Pipeline - INFO - Enriqueciendo datos...
2026-01-25 12:09:09,990 - ETL_Pipeline - INFO - Calculando métricas...
2026-01-25 12:09:10,033 - ETL_Pipeline - INFO - Transformación completada: 50 registros válidos en 0.09s
2026-01-25 12:09:10,033 - ETL_Pipeline - INFO - 
================================================================================
2026-01-25 12:09:10,034 - ETL_Pipeline - INFO - FASE 3: CARGA
2026-01-25 12:09:10,034 - ETL_Pipeline - INFO - ================================================================================
2026-01-25 12:09:10,034 - ETL_Pipeline - INFO - Cargando datos en formato csv...
2026-01-25 12:09:10,043 - ETL_Pipeline - INFO - Datos guardados exitosamente en: output\countries_population.csv
2026-01-25 12:09:10,043 - ETL_Pipeline - INFO - Cargando datos en formato excel...
2026-01-25 12:09:10,256 - ETL_Pipeline - INFO - Datos guardados exitosamente en: output\countries_population.xlsx
2026-01-25 12:09:10,256 - ETL_Pipeline - INFO - Cargando datos en formato json...
2026-01-25 12:09:10,264 - ETL_Pipeline - INFO - Datos guardados exitosamente en: output\countries_population.json
2026-01-25 12:09:10,264 - ETL_Pipeline - INFO - 
================================================================================
2026-01-25 12:09:10,264 - ETL_Pipeline - INFO - ETL COMPLETADO EXITOSAMENTE
2026-01-25 12:09:10,264 - ETL_Pipeline - INFO - ================================================================================
2026-01-25 12:09:10,264 - ETL_Pipeline - INFO - 
================================================================================
2026-01-25 12:09:10,264 - ETL_Pipeline - INFO - DASHBOARD INTERACTIVO TOP 50 PAÍSES
2026-01-25 12:09:10,264 - ETL_Pipeline - INFO - ================================================================================
2026-01-25 12:09:10,323 - dash.dash - INFO - Dash is running on http://0.0.0.0:8050/

2026-01-25 12:09:12,029 - ETL_Pipeline - INFO - ================================================================================
2026-01-25 12:09:12,029 - ETL_Pipeline - INFO - FASE 1: EXTRACCIÓN
2026-01-25 12:09:12,029 - ETL_Pipeline - INFO - ================================================================================
2026-01-25 12:09:12,029 - ETL_Pipeline - INFO - Iniciando extracción desde: https://en.wikipedia.org/wiki/List_of_countries_and_dependencies_by_population
2026-01-25 12:09:12,029 - ETL_Pipeline - INFO - Configurando Selenium WebDriver...
2026-01-25 12:09:12,029 - WDM - INFO - ====== WebDriver manager ======
2026-01-25 12:09:12,860 - WDM - INFO - Get LATEST chromedriver version for google-chrome
2026-01-25 12:09:12,939 - WDM - INFO - Get LATEST chromedriver version for google-chrome
2026-01-25 12:09:12,972 - WDM - INFO - Driver [C:\Users\Usuario\.wdm\drivers\chromedriver\win64\144.0.7559.96\chromedriver-win32/chromedriver.exe] found in cache
2026-01-25 12:09:14,266 - ETL_Pipeline - INFO - WebDriver configurado exitosamente
2026-01-25 12:09:17,964 - ETL_Pipeline - INFO - Esperando carga de tabla...
2026-01-25 12:09:17,975 - ETL_Pipeline - INFO - Tabla encontrada, extrayendo datos...
2026-01-25 12:09:18,026 - ETL_Pipeline - INFO - Headers encontrados: ['Location', 'Population', '% of\nworld', 'Date', 'Source (official or from\nthe United Nations)', 'Notes']
2026-01-25 12:09:18,325 - ETL_Pipeline - INFO - Extraídos 10 registros...
2026-01-25 12:09:18,668 - ETL_Pipeline - INFO - Extraídos 20 registros...
2026-01-25 12:09:19,028 - ETL_Pipeline - INFO - Extraídos 30 registros...
2026-01-25 12:09:19,340 - ETL_Pipeline - INFO - Extraídos 40 registros...
2026-01-25 12:09:19,648 - ETL_Pipeline - INFO - Extraídos 50 registros...
2026-01-25 12:09:19,648 - ETL_Pipeline - INFO - Extracción completada: 50 registros en 7.62s
2026-01-25 12:09:21,756 - ETL_Pipeline - INFO - WebDriver cerrado
2026-01-25 12:09:21,756 - ETL_Pipeline - INFO - 
================================================================================
2026-01-25 12:09:21,756 - ETL_Pipeline - INFO - FASE 2: TRANSFORMACIÓN
2026-01-25 12:09:21,756 - ETL_Pipeline - INFO - ================================================================================
2026-01-25 12:09:21,756 - ETL_Pipeline - INFO - Iniciando transformación de datos...
2026-01-25 12:09:21,757 - ETL_Pipeline - INFO - DataFrame creado con 50 registros
2026-01-25 12:09:21,758 - ETL_Pipeline - INFO - Limpiando datos...
2026-01-25 12:09:21,762 - ETL_Pipeline - INFO - Convirtiendo tipos de datos...
2026-01-25 12:09:21,763 - ETL_Pipeline - INFO - Validando datos...
2026-01-25 12:09:21,765 - ETL_Pipeline - INFO - Enriqueciendo datos...
2026-01-25 12:09:21,768 - ETL_Pipeline - INFO - Calculando métricas...
2026-01-25 12:09:21,815 - ETL_Pipeline - INFO - Transformación completada: 50 registros válidos en 0.06s
2026-01-25 12:09:21,815 - ETL_Pipeline - INFO - 
================================================================================
2026-01-25 12:09:21,815 - ETL_Pipeline - INFO - FASE 3: CARGA
2026-01-25 12:09:21,815 - ETL_Pipeline - INFO - ================================================================================
2026-01-25 12:09:21,815 - ETL_Pipeline - INFO - Cargando datos en formato csv...
2026-01-25 12:09:21,821 - ETL_Pipeline - INFO - Datos guardados exitosamente en: output\countries_population.csv
2026-01-25 12:09:21,822 - ETL_Pipeline - INFO - Cargando datos en formato excel...
2026-01-25 12:09:22,031 - ETL_Pipeline - INFO - Datos guardados exitosamente en: output\countries_population.xlsx
2026-01-25 12:09:22,031 - ETL_Pipeline - INFO - Cargando datos en formato json...
2026-01-25 12:09:22,033 - ETL_Pipeline - INFO - Datos guardados exitosamente en: output\countries_population.json
2026-01-25 12:09:22,033 - ETL_Pipeline - INFO - 
================================================================================
2026-01-25 12:09:22,033 - ETL_Pipeline - INFO - ETL COMPLETADO EXITOSAMENTE
2026-01-25 12:09:22,033 - ETL_Pipeline - INFO - ================================================================================
2026-01-25 12:09:22,034 - ETL_Pipeline - INFO - 
================================================================================
2026-01-25 12:09:22,034 - ETL_Pipeline - INFO - DASHBOARD INTERACTIVO TOP 50 PAÍSES
2026-01-25 12:09:22,034 - ETL_Pipeline - INFO - ================================================================================
2026-01-25 12:11:26,051 - ETL_Pipeline - INFO - ================================================================================
2026-01-25 12:11:26,051 - ETL_Pipeline - INFO - FASE 1: EXTRACCIÓN
2026-01-25 12:11:26,051 - ETL_Pipeline - INFO - ================================================================================
2026-01-25 12:11:26,051 - ETL_Pipeline - INFO - Iniciando extracción desde: https://en.wikipedia.org/wiki/List_of_countries_and_dependencies_by_population
2026-01-25 12:11:26,051 - ETL_Pipeline - INFO - Configurando Selenium WebDriver...
2026-01-25 12:11:26,051 - WDM - INFO - ====== WebDriver manager ======
2026-01-25 12:11:26,880 - WDM - INFO - Get LATEST chromedriver version for google-chrome
2026-01-25 12:11:26,910 - WDM - INFO - Get LATEST chromedriver version for google-chrome
2026-01-25 12:11:26,925 - WDM - INFO - Driver [C:\Users\Usuario\.wdm\drivers\chromedriver\win64\144.0.7559.96\chromedriver-win32/chromedriver.exe] found in cache
2026-01-25 12:11:28,746 - ETL_Pipeline - INFO - WebDriver configurado exitosamente
2026-01-25 12:11:32,683 - ETL_Pipeline - INFO - Esperando carga de tabla...
2026-01-25 12:11:32,701 - ETL_Pipeline - INFO - Tabla encontrada, extrayendo datos...
2026-01-25 12:11:32,750 - ETL_Pipeline - INFO - Headers encontrados: ['Location', 'Population', '% of\nworld', 'Date', 'Source (official or from\nthe United Nations)', 'Notes']
2026-01-25 12:11:33,082 - ETL_Pipeline - INFO - Extraídos 10 registros...
2026-01-25 12:11:33,468 - ETL_Pipeline - INFO - Extraídos 20 registros...
2026-01-25 12:11:33,815 - ETL_Pipeline - INFO - Extraídos 30 registros...
2026-01-25 12:11:34,156 - ETL_Pipeline - INFO - Extraídos 40 registros...
2026-01-25 12:11:34,467 - ETL_Pipeline - INFO - Extraídos 50 registros...
2026-01-25 12:11:34,467 - ETL_Pipeline - INFO - Extracción completada: 50 registros en 8.42s
2026-01-25 12:11:36,592 - ETL_Pipeline - INFO - WebDriver cerrado
2026-01-25 12:11:36,592 - ETL_Pipeline - INFO - 
================================================================================
2026-01-25 12:11:36,592 - ETL_Pipeline - INFO - FASE 2: TRANSFORMACIÓN
2026-01-25 12:11:36,592 - ETL_Pipeline - INFO - ================================================================================
2026-01-25 12:11:36,592 - ETL_Pipeline - INFO - Iniciando transformación de datos...
2026-01-25 12:11:36,592 - ETL_Pipeline - INFO - DataFrame creado con 50 registros
2026-01-25 12:11:36,592 - ETL_Pipeline - INFO - Limpiando datos...
2026-01-25 12:11:36,597 - ETL_Pipeline - INFO - Convirtiendo tipos de datos...
2026-01-25 12:11:36,599 - ETL_Pipeline - INFO - Validando datos...
2026-01-25 12:11:36,599 - ETL_Pipeline - INFO - Enriqueciendo datos...
2026-01-25 12:11:36,602 - ETL_Pipeline - INFO - Calculando métricas...
2026-01-25 12:11:36,640 - ETL_Pipeline - INFO - Transformación completada: 50 registros válidos en 0.05s
2026-01-25 12:11:36,640 - ETL_Pipeline - INFO - 
================================================================================
2026-01-25 12:11:36,640 - ETL_Pipeline - INFO - FASE 3: CARGA
2026-01-25 12:11:36,640 - ETL_Pipeline - INFO - ================================================================================
2026-01-25 12:11:36,640 - ETL_Pipeline - INFO - Cargando datos en formato csv...
2026-01-25 12:11:36,647 - ETL_Pipeline - INFO - Datos guardados exitosamente en: output\countries_population.csv
2026-01-25 12:11:36,648 - ETL_Pipeline - INFO - Cargando datos en formato excel...
2026-01-25 12:11:36,865 - ETL_Pipeline - INFO - Datos guardados exitosamente en: output\countries_population.xlsx
2026-01-25 12:11:36,865 - ETL_Pipeline - INFO - Cargando datos en formato json...
2026-01-25 12:11:36,866 - ETL_Pipeline - INFO - Datos guardados exitosamente en: output\countries_population.json
2026-01-25 12:11:36,867 - ETL_Pipeline - INFO - 
================================================================================
2026-01-25 12:11:36,867 - ETL_Pipeline - INFO - ETL COMPLETADO EXITOSAMENTE
2026-01-25 12:11:36,867 - ETL_Pipeline - INFO - ================================================================================
2026-01-25 12:11:36,896 - ETL_Pipeline - INFO - 
================================================================================
2026-01-25 12:11:36,897 - ETL_Pipeline - INFO - DASHBOARD INTERACTIVO TOP 50 PAÍSES
2026-01-25 12:11:36,897 - ETL_Pipeline - INFO - ================================================================================
2026-01-25 12:12:40,008 - ETL_Pipeline - INFO - ================================================================================
2026-01-25 12:12:40,008 - ETL_Pipeline - INFO - FASE 1: EXTRACCIÓN
2026-01-25 12:12:40,008 - ETL_Pipeline - INFO - ================================================================================
2026-01-25 12:12:40,008 - ETL_Pipeline - INFO - Iniciando extracción desde: https://en.wikipedia.org/wiki/List_of_countries_and_dependencies_by_population
2026-01-25 12:12:40,008 - ETL_Pipeline - INFO - Configurando Selenium WebDriver...
2026-01-25 12:12:40,008 - WDM - INFO - ====== WebDriver manager ======
2026-01-25 12:12:41,038 - WDM - INFO - Get LATEST chromedriver version for google-chrome
2026-01-25 12:12:41,106 - WDM - INFO - Get LATEST chromedriver version for google-chrome
2026-01-25 12:12:41,124 - WDM - INFO - Driver [C:\Users\Usuario\.wdm\drivers\chromedriver\win64\144.0.7559.96\chromedriver-win32/chromedriver.exe] found in cache
2026-01-25 12:12:42,327 - ETL_Pipeline - INFO - WebDriver configurado exitosamente
2026-01-25 12:12:46,045 - ETL_Pipeline - INFO - Esperando carga de tabla...
2026-01-25 12:12:46,056 - ETL_Pipeline - INFO - Tabla encontrada, extrayendo datos...
2026-01-25 12:12:46,129 - ETL_Pipeline - INFO - Headers encontrados: ['Location', 'Population', '% of\nworld', 'Date', 'Source (official or from\nthe United Nations)', 'Notes']
2026-01-25 12:12:46,651 - ETL_Pipeline - INFO - Extraídos 10 registros...
2026-01-25 12:12:47,106 - ETL_Pipeline - INFO - Extraídos 20 registros...
2026-01-25 12:12:47,442 - ETL_Pipeline - INFO - Extraídos 30 registros...
2026-01-25 12:12:47,758 - ETL_Pipeline - INFO - Extraídos 40 registros...
2026-01-25 12:12:48,061 - ETL_Pipeline - INFO - Extraídos 50 registros...
2026-01-25 12:12:48,061 - ETL_Pipeline - INFO - Extracción completada: 50 registros en 8.05s
2026-01-25 12:12:50,170 - ETL_Pipeline - INFO - WebDriver cerrado
2026-01-25 12:12:50,170 - ETL_Pipeline - INFO - 
================================================================================
2026-01-25 12:12:50,170 - ETL_Pipeline - INFO - FASE 2: TRANSFORMACIÓN
2026-01-25 12:12:50,170 - ETL_Pipeline - INFO - ================================================================================
2026-01-25 12:12:50,170 - ETL_Pipeline - INFO - Iniciando transformación de datos...
2026-01-25 12:12:50,171 - ETL_Pipeline - INFO - DataFrame creado con 50 registros
2026-01-25 12:12:50,171 - ETL_Pipeline - INFO - Limpiando datos...
2026-01-25 12:12:50,174 - ETL_Pipeline - INFO - Convirtiendo tipos de datos...
2026-01-25 12:12:50,175 - ETL_Pipeline - INFO - Validando datos...
2026-01-25 12:12:50,176 - ETL_Pipeline - INFO - Enriqueciendo datos...
2026-01-25 12:12:50,177 - ETL_Pipeline - INFO - Calculando métricas...
2026-01-25 12:12:50,209 - ETL_Pipeline - INFO - Transformación completada: 50 registros válidos en 0.04s
2026-01-25 12:12:50,209 - ETL_Pipeline - INFO - 
================================================================================
2026-01-25 12:12:50,209 - ETL_Pipeline - INFO - FASE 3: CARGA
2026-01-25 12:12:50,209 - ETL_Pipeline - INFO - ================================================================================
2026-01-25 12:12:50,209 - ETL_Pipeline - INFO - Cargando datos en formato csv...
2026-01-25 12:12:50,225 - ETL_Pipeline - INFO - Datos guardados exitosamente en: output\countries_population.csv
2026-01-25 12:12:50,225 - ETL_Pipeline - INFO - Cargando datos en formato excel...
2026-01-25 12:12:50,388 - ETL_Pipeline - INFO - Datos guardados exitosamente en: output\countries_population.xlsx
2026-01-25 12:12:50,389 - ETL_Pipeline - INFO - Cargando datos en formato json...
2026-01-25 12:12:50,390 - ETL_Pipeline - INFO - Datos guardados exitosamente en: output\countries_population.json
2026-01-25 12:12:50,391 - ETL_Pipeline - INFO - 
================================================================================
2026-01-25 12:12:50,391 - ETL_Pipeline - INFO - ETL COMPLETADO EXITOSAMENTE
2026-01-25 12:12:50,391 - ETL_Pipeline - INFO - ================================================================================
2026-01-25 12:12:50,405 - ETL_Pipeline - INFO - 
================================================================================
2026-01-25 12:12:50,405 - ETL_Pipeline - INFO - DASHBOARD INTERACTIVO TOP 50 PAÍSES
2026-01-25 12:12:50,405 - ETL_Pipeline - INFO - ================================================================================
2026-01-25 12:13:32,763 - ETL_Pipeline - INFO - ================================================================================
2026-01-25 12:13:32,763 - ETL_Pipeline - INFO - FASE 1: EXTRACCIÓN
2026-01-25 12:13:32,763 - ETL_Pipeline - INFO - ================================================================================
2026-01-25 12:13:32,763 - ETL_Pipeline - INFO - Iniciando extracción desde: https://en.wikipedia.org/wiki/List_of_countries_and_dependencies_by_population
2026-01-25 12:13:32,763 - ETL_Pipeline - INFO - Configurando Selenium WebDriver...
2026-01-25 12:13:32,763 - WDM - INFO - ====== WebDriver manager ======
2026-01-25 12:13:33,570 - WDM - INFO - Get LATEST chromedriver version for google-chrome
2026-01-25 12:13:33,604 - WDM - INFO - Get LATEST chromedriver version for google-chrome
2026-01-25 12:13:33,637 - WDM - INFO - Driver [C:\Users\Usuario\.wdm\drivers\chromedriver\win64\144.0.7559.96\chromedriver-win32/chromedriver.exe] found in cache
2026-01-25 12:13:35,046 - ETL_Pipeline - INFO - WebDriver configurado exitosamente
2026-01-25 12:13:38,821 - ETL_Pipeline - INFO - Esperando carga de tabla...
2026-01-25 12:13:38,834 - ETL_Pipeline - INFO - Tabla encontrada, extrayendo datos...
2026-01-25 12:13:38,894 - ETL_Pipeline - INFO - Headers encontrados: ['Location', 'Population', '% of\nworld', 'Date', 'Source (official or from\nthe United Nations)', 'Notes']
2026-01-25 12:13:39,224 - ETL_Pipeline - INFO - Extraídos 10 registros...
2026-01-25 12:13:39,549 - ETL_Pipeline - INFO - Extraídos 20 registros...
2026-01-25 12:13:39,887 - ETL_Pipeline - INFO - Extraídos 30 registros...
2026-01-25 12:13:40,202 - ETL_Pipeline - INFO - Extraídos 40 registros...
2026-01-25 12:13:40,515 - ETL_Pipeline - INFO - Extraídos 50 registros...
2026-01-25 12:13:40,515 - ETL_Pipeline - INFO - Extracción completada: 50 registros en 7.75s
2026-01-25 12:13:42,646 - ETL_Pipeline - INFO - WebDriver cerrado
2026-01-25 12:13:42,646 - ETL_Pipeline - INFO - 
================================================================================
2026-01-25 12:13:42,646 - ETL_Pipeline - INFO - FASE 2: TRANSFORMACIÓN
2026-01-25 12:13:42,646 - ETL_Pipeline - INFO - ================================================================================
2026-01-25 12:13:42,646 - ETL_Pipeline - INFO - Iniciando transformación de datos...
2026-01-25 12:13:42,646 - ETL_Pipeline - INFO - DataFrame creado con 50 registros
2026-01-25 12:13:42,646 - ETL_Pipeline - INFO - Limpiando datos...
2026-01-25 12:13:42,654 - ETL_Pipeline - INFO - Convirtiendo tipos de datos...
2026-01-25 12:13:42,654 - ETL_Pipeline - INFO - Validando datos...
2026-01-25 12:13:42,655 - ETL_Pipeline - INFO - Enriqueciendo datos...
2026-01-25 12:13:42,657 - ETL_Pipeline - INFO - Calculando métricas...
2026-01-25 12:13:42,687 - ETL_Pipeline - INFO - Transformación completada: 50 registros válidos en 0.04s
2026-01-25 12:13:42,687 - ETL_Pipeline - INFO - 
================================================================================
2026-01-25 12:13:42,687 - ETL_Pipeline - INFO - FASE 3: CARGA
2026-01-25 12:13:42,687 - ETL_Pipeline - INFO - ================================================================================
2026-01-25 12:13:42,687 - ETL_Pipeline - INFO - Cargando datos en formato csv...
2026-01-25 12:13:42,699 - ETL_Pipeline - INFO - Datos guardados exitosamente en: output\countries_population.csv
2026-01-25 12:13:42,700 - ETL_Pipeline - INFO - Cargando datos en formato excel...
2026-01-25 12:13:42,909 - ETL_Pipeline - INFO - Datos guardados exitosamente en: output\countries_population.xlsx
2026-01-25 12:13:42,910 - ETL_Pipeline - INFO - Cargando datos en formato json...
2026-01-25 12:13:42,911 - ETL_Pipeline - INFO - Datos guardados exitosamente en: output\countries_population.json
2026-01-25 12:13:42,911 - ETL_Pipeline - INFO - 
================================================================================
2026-01-25 12:13:42,911 - ETL_Pipeline - INFO - ETL COMPLETADO EXITOSAMENTE
2026-01-25 12:13:42,911 - ETL_Pipeline - INFO - ================================================================================
2026-01-25 12:13:42,926 - ETL_Pipeline - INFO - 
================================================================================
2026-01-25 12:13:42,926 - ETL_Pipeline - INFO - DASHBOARD INTERACTIVO TOP 50 PAÍSES
2026-01-25 12:13:42,926 - ETL_Pipeline - INFO - ================================================================================
2026-03-14 18:59:34,218 - ETL_Pipeline - INFO - ================================================================================
2026-03-14 18:59:34,218 - ETL_Pipeline - INFO - FASE 1: EXTRACCIÓN
2026-03-14 18:59:34,218 - ETL_Pipeline - INFO - ================================================================================
2026-03-14 18:59:34,218 - ETL_Pipeline - INFO - Iniciando extracción desde: https://en.wikipedia.org/wiki/List_of_countries_and_dependencies_by_population
2026-03-14 18:59:34,218 - ETL_Pipeline - INFO - Configurando Selenium WebDriver...
2026-03-14 18:59:34,218 - WDM - INFO - ====== WebDriver manager ======
2026-03-14 18:59:35,289 - WDM - INFO - Get LATEST chromedriver version for google-chrome
2026-03-14 18:59:35,378 - WDM - INFO - Get LATEST chromedriver version for google-chrome
2026-03-14 18:59:35,403 - WDM - INFO - There is no [win64] chromedriver "145.0.7632.117" for browser google-chrome "145.0.7632" in cache
2026-03-14 18:59:35,404 - WDM - INFO - Get LATEST chromedriver version for google-chrome
2026-03-14 18:59:35,510 - WDM - INFO - WebDriver version 145.0.7632.117 selected
2026-03-14 18:59:35,518 - WDM - INFO - Modern chrome version https://storage.googleapis.com/chrome-for-testing-public/145.0.7632.117/win32/chromedriver-win32.zip
2026-03-14 18:59:35,518 - WDM - INFO - About to download new driver from https://storage.googleapis.com/chrome-for-testing-public/145.0.7632.117/win32/chromedriver-win32.zip
2026-03-14 19:00:53,813 - WDM - INFO - Driver downloading response is 200
2026-03-14 19:00:54,302 - WDM - INFO - Get LATEST chromedriver version for google-chrome
2026-03-14 19:00:54,470 - WDM - INFO - Driver has been saved in cache [C:\Users\Usuario\.wdm\drivers\chromedriver\win64\145.0.7632.117]
2026-03-14 19:00:58,056 - ETL_Pipeline - INFO - WebDriver configurado exitosamente
2026-03-14 19:01:02,027 - ETL_Pipeline - INFO - Esperando carga de tabla...
2026-03-14 19:01:02,272 - ETL_Pipeline - INFO - Tabla encontrada, extrayendo datos...
2026-03-14 19:01:02,358 - ETL_Pipeline - INFO - Headers encontrados: ['Location', 'Population', '% of\nworld', 'Date', 'Source (official or from\nthe United Nations)', 'Notes']
2026-03-14 19:01:02,831 - ETL_Pipeline - INFO - Extraídos 10 registros...
2026-03-14 19:01:03,232 - ETL_Pipeline - INFO - Extraídos 20 registros...
2026-03-14 19:01:03,649 - ETL_Pipeline - INFO - Extraídos 30 registros...
2026-03-14 19:01:04,114 - ETL_Pipeline - INFO - Extraídos 40 registros...
2026-03-14 19:01:04,496 - ETL_Pipeline - INFO - Extraídos 50 registros...
2026-03-14 19:01:04,497 - ETL_Pipeline - INFO - Extracción completada: 50 registros en 90.28s
2026-03-14 19:01:06,662 - ETL_Pipeline - INFO - WebDriver cerrado
2026-03-14 19:01:06,662 - ETL_Pipeline - INFO - 
================================================================================
2026-03-14 19:01:06,662 - ETL_Pipeline - INFO - FASE 2: TRANSFORMACIÓN
2026-03-14 19:01:06,662 - ETL_Pipeline - INFO - ================================================================================
2026-03-14 19:01:06,662 - ETL_Pipeline - INFO - Iniciando transformación de datos...
2026-03-14 19:01:06,671 - ETL_Pipeline - INFO - DataFrame creado con 50 registros
2026-03-14 19:01:06,671 - ETL_Pipeline - INFO - Limpiando datos...
2026-03-14 19:01:06,688 - ETL_Pipeline - INFO - Convirtiendo tipos de datos...
2026-03-14 19:01:06,691 - ETL_Pipeline - INFO - Validando datos...
2026-03-14 19:01:06,696 - ETL_Pipeline - INFO - Enriqueciendo datos...
2026-03-14 19:01:06,708 - ETL_Pipeline - INFO - Calculando métricas...
2026-03-14 19:01:06,714 - ETL_Pipeline - INFO - Transformación completada: 50 registros válidos en 0.05s
2026-03-14 19:01:06,715 - ETL_Pipeline - INFO - 
================================================================================
2026-03-14 19:01:06,715 - ETL_Pipeline - INFO - FASE 3: CARGA
2026-03-14 19:01:06,715 - ETL_Pipeline - INFO - ================================================================================
2026-03-14 19:01:06,716 - ETL_Pipeline - INFO - Cargando datos en formato csv...
2026-03-14 19:01:06,725 - ETL_Pipeline - INFO - Datos guardados exitosamente en: output\countries_population.csv
2026-03-14 19:01:06,726 - ETL_Pipeline - INFO - Cargando datos en formato excel...
2026-03-14 19:01:07,022 - ETL_Pipeline - INFO - Datos guardados exitosamente en: output\countries_population.xlsx
2026-03-14 19:01:07,022 - ETL_Pipeline - INFO - Cargando datos en formato json...
2026-03-14 19:01:07,024 - ETL_Pipeline - INFO - Datos guardados exitosamente en: output\countries_population.json
2026-03-14 19:01:07,024 - ETL_Pipeline - INFO - 
================================================================================
2026-03-14 19:01:07,024 - ETL_Pipeline - INFO - ETL COMPLETADO EXITOSAMENTE
2026-03-14 19:01:07,024 - ETL_Pipeline - INFO - ================================================================================
2026-03-14 19:01:07,053 - ETL_Pipeline - INFO - 
================================================================================
2026-03-14 19:01:07,053 - ETL_Pipeline - INFO - DASHBOARD INTERACTIVO TOP 50 PAÍSES
2026-03-14 19:01:07,053 - ETL_Pipeline - INFO - ================================================================================
2026-03-14 19:01:07,138 - dash.dash - INFO - Dash is running on http://0.0.0.0:8050/

2026-03-14 19:01:09,493 - ETL_Pipeline - INFO - ================================================================================
2026-03-14 19:01:09,493 - ETL_Pipeline - INFO - FASE 1: EXTRACCIÓN
2026-03-14 19:01:09,493 - ETL_Pipeline - INFO - ================================================================================
2026-03-14 19:01:09,493 - ETL_Pipeline - INFO - Iniciando extracción desde: https://en.wikipedia.org/wiki/List_of_countries_and_dependencies_by_population
2026-03-14 19:01:09,493 - ETL_Pipeline - INFO - Configurando Selenium WebDriver...
2026-03-14 19:01:09,493 - WDM - INFO - ====== WebDriver manager ======
2026-03-14 19:01:10,542 - WDM - INFO - Get LATEST chromedriver version for google-chrome
2026-03-14 19:01:10,586 - WDM - INFO - Get LATEST chromedriver version for google-chrome
2026-03-14 19:01:10,613 - WDM - INFO - Driver [C:\Users\Usuario\.wdm\drivers\chromedriver\win64\145.0.7632.117\chromedriver-win32/chromedriver.exe] found in cache
2026-03-14 19:01:11,939 - ETL_Pipeline - INFO - WebDriver configurado exitosamente
2026-03-14 19:01:15,664 - ETL_Pipeline - INFO - Esperando carga de tabla...
2026-03-14 19:01:15,693 - ETL_Pipeline - INFO - Tabla encontrada, extrayendo datos...
2026-03-14 19:01:15,760 - ETL_Pipeline - INFO - Headers encontrados: ['Location', 'Population', '% of\nworld', 'Date', 'Source (official or from\nthe United Nations)', 'Notes']
2026-03-14 19:01:16,120 - ETL_Pipeline - INFO - Extraídos 10 registros...
2026-03-14 19:01:16,472 - ETL_Pipeline - INFO - Extraídos 20 registros...
2026-03-14 19:01:16,891 - ETL_Pipeline - INFO - Extraídos 30 registros...
2026-03-14 19:01:17,235 - ETL_Pipeline - INFO - Extraídos 40 registros...
2026-03-14 19:01:17,580 - ETL_Pipeline - INFO - Extraídos 50 registros...
2026-03-14 19:01:17,580 - ETL_Pipeline - INFO - Extracción completada: 50 registros en 8.09s
2026-03-14 19:01:19,681 - ETL_Pipeline - INFO - WebDriver cerrado
2026-03-14 19:01:19,681 - ETL_Pipeline - INFO - 
================================================================================
2026-03-14 19:01:19,681 - ETL_Pipeline - INFO - FASE 2: TRANSFORMACIÓN
2026-03-14 19:01:19,681 - ETL_Pipeline - INFO - ================================================================================
2026-03-14 19:01:19,682 - ETL_Pipeline - INFO - Iniciando transformación de datos...
2026-03-14 19:01:19,682 - ETL_Pipeline - INFO - DataFrame creado con 50 registros
2026-03-14 19:01:19,683 - ETL_Pipeline - INFO - Limpiando datos...
2026-03-14 19:01:19,689 - ETL_Pipeline - INFO - Convirtiendo tipos de datos...
2026-03-14 19:01:19,690 - ETL_Pipeline - INFO - Validando datos...
2026-03-14 19:01:19,692 - ETL_Pipeline - INFO - Enriqueciendo datos...
2026-03-14 19:01:19,694 - ETL_Pipeline - INFO - Calculando métricas...
2026-03-14 19:01:19,728 - ETL_Pipeline - INFO - Transformación completada: 50 registros válidos en 0.05s
2026-03-14 19:01:19,728 - ETL_Pipeline - INFO - 
================================================================================
2026-03-14 19:01:19,728 - ETL_Pipeline - INFO - FASE 3: CARGA
2026-03-14 19:01:19,728 - ETL_Pipeline - INFO - ================================================================================
2026-03-14 19:01:19,728 - ETL_Pipeline - INFO - Cargando datos en formato csv...
2026-03-14 19:01:19,745 - ETL_Pipeline - INFO - Datos guardados exitosamente en: output\countries_population.csv
2026-03-14 19:01:19,746 - ETL_Pipeline - INFO - Cargando datos en formato excel...
2026-03-14 19:01:19,955 - ETL_Pipeline - INFO - Datos guardados exitosamente en: output\countries_population.xlsx
2026-03-14 19:01:19,955 - ETL_Pipeline - INFO - Cargando datos en formato json...
2026-03-14 19:01:19,957 - ETL_Pipeline - INFO - Datos guardados exitosamente en: output\countries_population.json
2026-03-14 19:01:19,957 - ETL_Pipeline - INFO - 
================================================================================
2026-03-14 19:01:19,957 - ETL_Pipeline - INFO - ETL COMPLETADO EXITOSAMENTE
2026-03-14 19:01:19,957 - ETL_Pipeline - INFO - ================================================================================
2026-03-14 19:01:19,979 - ETL_Pipeline - INFO - 
================================================================================
2026-03-14 19:01:19,979 - ETL_Pipeline - INFO - DASHBOARD INTERACTIVO TOP 50 PAÍSES
2026-03-14 19:01:19,979 - ETL_Pipeline - INFO - ================================================================================
2026-03-14 19:03:47,681 - ETL_Pipeline - INFO - ================================================================================
2026-03-14 19:03:47,681 - ETL_Pipeline - INFO - FASE 1: EXTRACCIÓN
2026-03-14 19:03:47,681 - ETL_Pipeline - INFO - ================================================================================
2026-03-14 19:03:47,681 - ETL_Pipeline - INFO - Iniciando extracción desde: https://en.wikipedia.org/wiki/List_of_countries_and_dependencies_by_population
2026-03-14 19:03:47,681 - ETL_Pipeline - INFO - Configurando Selenium WebDriver...
2026-03-14 19:03:47,682 - WDM - INFO - ====== WebDriver manager ======
2026-03-14 19:03:48,604 - WDM - INFO - Get LATEST chromedriver version for google-chrome
2026-03-14 19:03:48,628 - WDM - INFO - Get LATEST chromedriver version for google-chrome
2026-03-14 19:03:48,661 - WDM - INFO - Driver [C:\Users\Usuario\.wdm\drivers\chromedriver\win64\145.0.7632.117\chromedriver-win32/chromedriver.exe] found in cache
2026-03-14 19:03:51,080 - ETL_Pipeline - INFO - WebDriver configurado exitosamente
2026-03-14 19:03:54,666 - ETL_Pipeline - INFO - Esperando carga de tabla...
2026-03-14 19:03:54,682 - ETL_Pipeline - INFO - Tabla encontrada, extrayendo datos...
2026-03-14 19:03:54,737 - ETL_Pipeline - INFO - Headers encontrados: ['Location', 'Population', '% of\nworld', 'Date', 'Source (official or from\nthe United Nations)', 'Notes']
2026-03-14 19:03:55,112 - ETL_Pipeline - INFO - Extraídos 10 registros...
2026-03-14 19:03:55,448 - ETL_Pipeline - INFO - Extraídos 20 registros...
2026-03-14 19:03:55,758 - ETL_Pipeline - INFO - Extraídos 30 registros...
2026-03-14 19:03:56,112 - ETL_Pipeline - INFO - Extraídos 40 registros...
2026-03-14 19:03:56,476 - ETL_Pipeline - INFO - Extraídos 50 registros...
2026-03-14 19:03:56,476 - ETL_Pipeline - INFO - Extracción completada: 50 registros en 8.80s
2026-03-14 19:03:58,598 - ETL_Pipeline - INFO - WebDriver cerrado
2026-03-14 19:03:58,598 - ETL_Pipeline - INFO - 
================================================================================
2026-03-14 19:03:58,598 - ETL_Pipeline - INFO - FASE 2: TRANSFORMACIÓN
2026-03-14 19:03:58,598 - ETL_Pipeline - INFO - ================================================================================
2026-03-14 19:03:58,598 - ETL_Pipeline - INFO - Iniciando transformación de datos...
2026-03-14 19:03:58,599 - ETL_Pipeline - INFO - DataFrame creado con 50 registros
2026-03-14 19:03:58,600 - ETL_Pipeline - INFO - Limpiando datos...
2026-03-14 19:03:58,603 - ETL_Pipeline - INFO - Convirtiendo tipos de datos...
2026-03-14 19:03:58,605 - ETL_Pipeline - INFO - Validando datos...
2026-03-14 19:03:58,606 - ETL_Pipeline - INFO - Enriqueciendo datos...
2026-03-14 19:03:58,610 - ETL_Pipeline - INFO - Calculando métricas...
2026-03-14 19:03:58,653 - ETL_Pipeline - INFO - Transformación completada: 50 registros válidos en 0.05s
2026-03-14 19:03:58,653 - ETL_Pipeline - INFO - 
================================================================================
2026-03-14 19:03:58,653 - ETL_Pipeline - INFO - FASE 3: CARGA
2026-03-14 19:03:58,653 - ETL_Pipeline - INFO - ================================================================================
2026-03-14 19:03:58,653 - ETL_Pipeline - INFO - Cargando datos en formato csv...
2026-03-14 19:03:58,664 - ETL_Pipeline - INFO - Datos guardados exitosamente en: output\countries_population.csv
2026-03-14 19:03:58,664 - ETL_Pipeline - INFO - Cargando datos en formato excel...
2026-03-14 19:03:58,874 - ETL_Pipeline - INFO - Datos guardados exitosamente en: output\countries_population.xlsx
2026-03-14 19:03:58,874 - ETL_Pipeline - INFO - Cargando datos en formato json...
2026-03-14 19:03:58,874 - ETL_Pipeline - INFO - Datos guardados exitosamente en: output\countries_population.json
2026-03-14 19:03:58,874 - ETL_Pipeline - INFO - 
================================================================================
2026-03-14 19:03:58,874 - ETL_Pipeline - INFO - ETL COMPLETADO EXITOSAMENTE
2026-03-14 19:03:58,874 - ETL_Pipeline - INFO - ================================================================================
2026-03-14 19:03:58,900 - ETL_Pipeline - INFO - 
================================================================================
2026-03-14 19:03:58,900 - ETL_Pipeline - INFO - DASHBOARD INTERACTIVO TOP 50 PAÍSES
2026-03-14 19:03:58,900 - ETL_Pipeline - INFO - ================================================================================
